<?xml version="1.0" encoding="UTF-8"?>
<robot generator="Robot 6.0.2 (Python 3.11.1 on win32)" generated="20230125 16:14:52.108" rpa="false" schemaversion="3">
<suite id="s1" name="Add Employee Test" source="C:\Users\40032395\OneDrive - LTTS\Orange_Automation\2__employee_suite\01__add_employee_test.robot">
<test id="s1-t1" name="TC1_${test_name}" line="15">
<kw name="Launch Browser and Navigate To Url" library="Common_Functionalities" type="SETUP">
<kw name="Open Browser" library="SeleniumLibrary">
<arg>browser=${BROWSER_NAME}</arg>
<doc>Opens a new browser instance to the optional ``url``.</doc>
<msg timestamp="20230125 16:14:53.784" level="INFO">Opening browser 'chrome' to base url 'None'.</msg>
<status status="PASS" starttime="20230125 16:14:53.784" endtime="20230125 16:14:55.496"/>
</kw>
<kw name="Maximize Browser Window" library="SeleniumLibrary">
<doc>Maximizes current browser window.</doc>
<status status="PASS" starttime="20230125 16:14:55.497" endtime="20230125 16:14:55.625"/>
</kw>
<kw name="Set Selenium Implicit Wait" library="SeleniumLibrary">
<arg>30s</arg>
<doc>Sets the implicit wait value used by Selenium.</doc>
<status status="PASS" starttime="20230125 16:14:55.626" endtime="20230125 16:14:55.631"/>
</kw>
<kw name="Go To" library="SeleniumLibrary">
<arg>url=${URL}</arg>
<doc>Navigates the current browser window to the provided ``url``.</doc>
<msg timestamp="20230125 16:14:55.633" level="INFO">Opening url 'https://opensource-demo.orangehrmlive.com/'</msg>
<status status="PASS" starttime="20230125 16:14:55.632" endtime="20230125 16:15:04.296"/>
</kw>
<status status="PASS" starttime="20230125 16:14:53.783" endtime="20230125 16:15:04.296"/>
</kw>
<kw name="Add Valid Employee Test">
<arg>Admin</arg>
<arg>admin123</arg>
<arg>john</arg>
<arg>j</arg>
<arg>ken</arg>
<arg>john ken</arg>
<arg>john</arg>
<kw name="Input Text" library="SeleniumLibrary">
<arg>name=username</arg>
<arg>${username}</arg>
<doc>Types the given ``text`` into the text field identified by ``locator``.</doc>
<msg timestamp="20230125 16:15:04.300" level="INFO">Typing text 'Admin' into text field 'name=username'.</msg>
<status status="PASS" starttime="20230125 16:15:04.298" endtime="20230125 16:15:05.345"/>
</kw>
<kw name="Input Password" library="SeleniumLibrary">
<arg>name=password</arg>
<arg>${password}</arg>
<doc>Types the given password into the text field identified by ``locator``.</doc>
<msg timestamp="20230125 16:15:05.348" level="INFO">Typing password into text field 'name=password'.</msg>
<msg timestamp="20230125 16:15:05.517" level="INFO">Temporally setting log level to: NONE</msg>
<msg timestamp="20230125 16:15:05.664" level="INFO">Log level changed from NONE to INFO.</msg>
<status status="PASS" starttime="20230125 16:15:05.346" endtime="20230125 16:15:05.665"/>
</kw>
<kw name="Click Element" library="SeleniumLibrary">
<arg>xpath=//button[@class='oxd-button oxd-button--medium oxd-button--main orangehrm-login-button']</arg>
<doc>Click the element identified by ``locator``.</doc>
<msg timestamp="20230125 16:15:05.667" level="INFO">Clicking element 'xpath=//button[@class='oxd-button oxd-button--medium oxd-button--main orangehrm-login-button']'.</msg>
<status status="PASS" starttime="20230125 16:15:05.665" endtime="20230125 16:15:07.145"/>
</kw>
<kw name="Click Element" library="SeleniumLibrary">
<arg>xpath=(//span[@class='oxd-text oxd-text--span oxd-main-menu-item--name'])[2]</arg>
<doc>Click the element identified by ``locator``.</doc>
<msg timestamp="20230125 16:15:07.148" level="INFO">Clicking element 'xpath=(//span[@class='oxd-text oxd-text--span oxd-main-menu-item--name'])[2]'.</msg>
<status status="PASS" starttime="20230125 16:15:07.145" endtime="20230125 16:15:09.302"/>
</kw>
<kw name="Click Element" library="SeleniumLibrary">
<arg>xpath=//li[@class='oxd-topbar-body-nav-tab']</arg>
<doc>Click the element identified by ``locator``.</doc>
<msg timestamp="20230125 16:15:09.306" level="INFO">Clicking element 'xpath=//li[@class='oxd-topbar-body-nav-tab']'.</msg>
<status status="PASS" starttime="20230125 16:15:09.303" endtime="20230125 16:15:15.090"/>
</kw>
<kw name="Input Text" library="SeleniumLibrary">
<arg>name=firstName</arg>
<arg>${firstName}</arg>
<doc>Types the given ``text`` into the text field identified by ``locator``.</doc>
<msg timestamp="20230125 16:15:15.091" level="INFO">Typing text 'john' into text field 'name=firstName'.</msg>
<status status="PASS" starttime="20230125 16:15:15.090" endtime="20230125 16:15:15.803"/>
</kw>
<kw name="Input Text" library="SeleniumLibrary">
<arg>name=middleName</arg>
<arg>${middleName}</arg>
<doc>Types the given ``text`` into the text field identified by ``locator``.</doc>
<msg timestamp="20230125 16:15:15.804" level="INFO">Typing text 'j' into text field 'name=middleName'.</msg>
<status status="PASS" starttime="20230125 16:15:15.804" endtime="20230125 16:15:15.952"/>
</kw>
<kw name="Input Text" library="SeleniumLibrary">
<arg>name=lastName</arg>
<arg>${lastName}</arg>
<doc>Types the given ``text`` into the text field identified by ``locator``.</doc>
<msg timestamp="20230125 16:15:15.954" level="INFO">Typing text 'ken' into text field 'name=lastName'.</msg>
<status status="PASS" starttime="20230125 16:15:15.952" endtime="20230125 16:15:16.086"/>
</kw>
<kw name="Sleep" library="BuiltIn">
<arg>5s</arg>
<doc>Pauses the test executed for the given time.</doc>
<msg timestamp="20230125 16:15:21.088" level="INFO">Slept 5 seconds</msg>
<status status="PASS" starttime="20230125 16:15:16.086" endtime="20230125 16:15:21.088"/>
</kw>
<kw name="Click Element" library="SeleniumLibrary">
<arg>xpath=//button[@class='oxd-button oxd-button--medium oxd-button--secondary orangehrm-left-space']</arg>
<doc>Click the element identified by ``locator``.</doc>
<msg timestamp="20230125 16:15:21.088" level="INFO">Clicking element 'xpath=//button[@class='oxd-button oxd-button--medium oxd-button--secondary orangehrm-left-space']'.</msg>
<status status="PASS" starttime="20230125 16:15:21.088" endtime="20230125 16:15:21.169"/>
</kw>
<kw name="Wait Until Page Contains" library="SeleniumLibrary">
<arg>${expected_data1}</arg>
<doc>Waits until ``text`` appears on the current page.</doc>
<status status="PASS" starttime="20230125 16:15:21.170" endtime="20230125 16:15:26.804"/>
</kw>
<kw name="Element Should Contain" library="SeleniumLibrary">
<arg>xpath=//h6[@class='oxd-text oxd-text--h6 --strong']</arg>
<arg>${expected_data1}</arg>
<doc>Verifies that element ``locator`` contains text ``expected``.</doc>
<msg timestamp="20230125 16:15:26.847" level="INFO">Element 'xpath=//h6[@class='oxd-text oxd-text--h6 --strong']' contains text 'john ken'.</msg>
<status status="PASS" starttime="20230125 16:15:26.805" endtime="20230125 16:15:26.847"/>
</kw>
<kw name="Element Attribute Value Should Be" library="SeleniumLibrary">
<arg>name=firstName</arg>
<arg>value</arg>
<arg>${expected_data2}</arg>
<doc>Verifies element identified by ``locator`` contains expected attribute value.</doc>
<msg timestamp="20230125 16:15:26.894" level="INFO">Element 'name=firstName' attribute 'value' contains value 'john'.</msg>
<status status="PASS" starttime="20230125 16:15:26.848" endtime="20230125 16:15:26.894"/>
</kw>
<status status="PASS" starttime="20230125 16:15:04.297" endtime="20230125 16:15:26.894"/>
</kw>
<kw name="Close Browser" library="SeleniumLibrary" type="TEARDOWN">
<doc>Closes the current browser.</doc>
<status status="PASS" starttime="20230125 16:15:26.895" endtime="20230125 16:15:29.305"/>
</kw>
<status status="PASS" starttime="20230125 16:14:53.782" endtime="20230125 16:15:29.305"/>
</test>
<test id="s1-t2" name="TC1_${test_name}" line="15">
<kw name="Launch Browser and Navigate To Url" library="Common_Functionalities" type="SETUP">
<kw name="Open Browser" library="SeleniumLibrary">
<arg>browser=${BROWSER_NAME}</arg>
<doc>Opens a new browser instance to the optional ``url``.</doc>
<msg timestamp="20230125 16:15:29.309" level="INFO">Opening browser 'chrome' to base url 'None'.</msg>
<status status="PASS" starttime="20230125 16:15:29.309" endtime="20230125 16:15:31.118"/>
</kw>
<kw name="Maximize Browser Window" library="SeleniumLibrary">
<doc>Maximizes current browser window.</doc>
<status status="PASS" starttime="20230125 16:15:31.119" endtime="20230125 16:15:31.271"/>
</kw>
<kw name="Set Selenium Implicit Wait" library="SeleniumLibrary">
<arg>30s</arg>
<doc>Sets the implicit wait value used by Selenium.</doc>
<status status="PASS" starttime="20230125 16:15:31.272" endtime="20230125 16:15:31.275"/>
</kw>
<kw name="Go To" library="SeleniumLibrary">
<arg>url=${URL}</arg>
<doc>Navigates the current browser window to the provided ``url``.</doc>
<msg timestamp="20230125 16:15:31.277" level="INFO">Opening url 'https://opensource-demo.orangehrmlive.com/'</msg>
<status status="PASS" starttime="20230125 16:15:31.276" endtime="20230125 16:15:47.357"/>
</kw>
<status status="PASS" starttime="20230125 16:15:29.309" endtime="20230125 16:15:47.358"/>
</kw>
<kw name="Add Valid Employee Test">
<arg>Admin</arg>
<arg>admin123</arg>
<arg>sai</arg>
<arg>bhargav</arg>
<arg>reddy</arg>
<arg>sai reddy</arg>
<arg>sai</arg>
<kw name="Input Text" library="SeleniumLibrary">
<arg>name=username</arg>
<arg>${username}</arg>
<doc>Types the given ``text`` into the text field identified by ``locator``.</doc>
<msg timestamp="20230125 16:15:47.360" level="INFO">Typing text 'Admin' into text field 'name=username'.</msg>
<status status="PASS" starttime="20230125 16:15:47.360" endtime="20230125 16:15:48.966"/>
</kw>
<kw name="Input Password" library="SeleniumLibrary">
<arg>name=password</arg>
<arg>${password}</arg>
<doc>Types the given password into the text field identified by ``locator``.</doc>
<msg timestamp="20230125 16:15:48.966" level="INFO">Typing password into text field 'name=password'.</msg>
<msg timestamp="20230125 16:15:49.038" level="INFO">Temporally setting log level to: NONE</msg>
<msg timestamp="20230125 16:15:49.161" level="INFO">Log level changed from NONE to INFO.</msg>
<status status="PASS" starttime="20230125 16:15:48.966" endtime="20230125 16:15:49.161"/>
</kw>
<kw name="Click Element" library="SeleniumLibrary">
<arg>xpath=//button[@class='oxd-button oxd-button--medium oxd-button--main orangehrm-login-button']</arg>
<doc>Click the element identified by ``locator``.</doc>
<msg timestamp="20230125 16:15:49.162" level="INFO">Clicking element 'xpath=//button[@class='oxd-button oxd-button--medium oxd-button--main orangehrm-login-button']'.</msg>
<status status="PASS" starttime="20230125 16:15:49.162" endtime="20230125 16:15:51.054"/>
</kw>
<kw name="Click Element" library="SeleniumLibrary">
<arg>xpath=(//span[@class='oxd-text oxd-text--span oxd-main-menu-item--name'])[2]</arg>
<doc>Click the element identified by ``locator``.</doc>
<msg timestamp="20230125 16:15:51.055" level="INFO">Clicking element 'xpath=(//span[@class='oxd-text oxd-text--span oxd-main-menu-item--name'])[2]'.</msg>
<status status="PASS" starttime="20230125 16:15:51.054" endtime="20230125 16:15:53.709"/>
</kw>
<kw name="Click Element" library="SeleniumLibrary">
<arg>xpath=//li[@class='oxd-topbar-body-nav-tab']</arg>
<doc>Click the element identified by ``locator``.</doc>
<msg timestamp="20230125 16:15:53.710" level="INFO">Clicking element 'xpath=//li[@class='oxd-topbar-body-nav-tab']'.</msg>
<status status="PASS" starttime="20230125 16:15:53.710" endtime="20230125 16:15:56.622"/>
</kw>
<kw name="Input Text" library="SeleniumLibrary">
<arg>name=firstName</arg>
<arg>${firstName}</arg>
<doc>Types the given ``text`` into the text field identified by ``locator``.</doc>
<msg timestamp="20230125 16:15:56.624" level="INFO">Typing text 'sai' into text field 'name=firstName'.</msg>
<status status="PASS" starttime="20230125 16:15:56.622" endtime="20230125 16:15:57.322"/>
</kw>
<kw name="Input Text" library="SeleniumLibrary">
<arg>name=middleName</arg>
<arg>${middleName}</arg>
<doc>Types the given ``text`` into the text field identified by ``locator``.</doc>
<msg timestamp="20230125 16:15:57.324" level="INFO">Typing text 'bhargav' into text field 'name=middleName'.</msg>
<status status="PASS" starttime="20230125 16:15:57.323" endtime="20230125 16:15:57.448"/>
</kw>
<kw name="Input Text" library="SeleniumLibrary">
<arg>name=lastName</arg>
<arg>${lastName}</arg>
<doc>Types the given ``text`` into the text field identified by ``locator``.</doc>
<msg timestamp="20230125 16:15:57.450" level="INFO">Typing text 'reddy' into text field 'name=lastName'.</msg>
<status status="PASS" starttime="20230125 16:15:57.448" endtime="20230125 16:15:57.640"/>
</kw>
<kw name="Sleep" library="BuiltIn">
<arg>5s</arg>
<doc>Pauses the test executed for the given time.</doc>
<msg timestamp="20230125 16:16:02.642" level="INFO">Slept 5 seconds</msg>
<status status="PASS" starttime="20230125 16:15:57.641" endtime="20230125 16:16:02.642"/>
</kw>
<kw name="Click Element" library="SeleniumLibrary">
<arg>xpath=//button[@class='oxd-button oxd-button--medium oxd-button--secondary orangehrm-left-space']</arg>
<doc>Click the element identified by ``locator``.</doc>
<msg timestamp="20230125 16:16:02.644" level="INFO">Clicking element 'xpath=//button[@class='oxd-button oxd-button--medium oxd-button--secondary orangehrm-left-space']'.</msg>
<status status="PASS" starttime="20230125 16:16:02.643" endtime="20230125 16:16:02.745"/>
</kw>
<kw name="Wait Until Page Contains" library="SeleniumLibrary">
<arg>${expected_data1}</arg>
<doc>Waits until ``text`` appears on the current page.</doc>
<status status="PASS" starttime="20230125 16:16:02.746" endtime="20230125 16:16:09.349"/>
</kw>
<kw name="Element Should Contain" library="SeleniumLibrary">
<arg>xpath=//h6[@class='oxd-text oxd-text--h6 --strong']</arg>
<arg>${expected_data1}</arg>
<doc>Verifies that element ``locator`` contains text ``expected``.</doc>
<msg timestamp="20230125 16:16:09.387" level="INFO">Element 'xpath=//h6[@class='oxd-text oxd-text--h6 --strong']' contains text 'sai reddy'.</msg>
<status status="PASS" starttime="20230125 16:16:09.349" endtime="20230125 16:16:09.387"/>
</kw>
<kw name="Element Attribute Value Should Be" library="SeleniumLibrary">
<arg>name=firstName</arg>
<arg>value</arg>
<arg>${expected_data2}</arg>
<doc>Verifies element identified by ``locator`` contains expected attribute value.</doc>
<msg timestamp="20230125 16:16:09.412" level="INFO">Element 'name=firstName' attribute 'value' contains value 'sai'.</msg>
<status status="PASS" starttime="20230125 16:16:09.387" endtime="20230125 16:16:09.412"/>
</kw>
<status status="PASS" starttime="20230125 16:15:47.358" endtime="20230125 16:16:09.412"/>
</kw>
<kw name="Close Browser" library="SeleniumLibrary" type="TEARDOWN">
<doc>Closes the current browser.</doc>
<status status="PASS" starttime="20230125 16:16:09.412" endtime="20230125 16:16:11.670"/>
</kw>
<status status="PASS" starttime="20230125 16:15:29.309" endtime="20230125 16:16:11.670"/>
</test>
<doc>This file contains test cases for add valid employee
records</doc>
<status status="PASS" starttime="20230125 16:14:52.108" endtime="20230125 16:16:11.670"/>
</suite>
<statistics>
<total>
<stat pass="2" fail="0" skip="0">All Tests</stat>
</total>
<tag>
</tag>
<suite>
<stat pass="2" fail="0" skip="0" id="s1" name="Add Employee Test">Add Employee Test</stat>
</suite>
</statistics>
<errors>
<msg timestamp="20230125 16:15:29.306" level="WARN">Multiple tests with name 'TC1_${test_name}' executed in suite 'Add Employee Test'.</msg>
</errors>
</robot>
